app/build/intermediates/manifest_merge_blame_file/debug/manifest-merger-blame-debug-report.txt
1<?xml version="1.0" encoding="utf-8"?>
2<manifest xmlns:android="http://schemas.android.com/apk/res/android"
3    package="sauceda.carlos.firebaselogin"
4    android:versionCode="1"
5    android:versionName="1.0" >
6
7    <uses-sdk
8        android:minSdkVersion="24"
8-->src\main\AndroidManifest.xml
9        android:targetSdkVersion="33" />
9-->src\main\AndroidManifest.xml
10
11    <!-- Although the *SdkVersion is captured in gradle build files, this is required for non gradle builds -->
12    <!-- <uses-sdk android:minSdkVersion="14" /> -->
13    <uses-permission android:name="android.permission.ACCESS_NETWORK_STATE" />
13-->[com.google.firebase:firebase-firestore:24.4.5] AndroidManifest.xml:12:5-79
13-->[com.google.firebase:firebase-firestore:24.4.5] AndroidManifest.xml:12:22-76
14    <uses-permission android:name="android.permission.INTERNET" />
14-->[com.google.firebase:firebase-firestore:24.4.5] AndroidManifest.xml:13:5-67
14-->[com.google.firebase:firebase-firestore:24.4.5] AndroidManifest.xml:13:22-64
15    <uses-permission android:name="android.permission.WAKE_LOCK" />
15-->[com.google.android.gms:play-services-measurement-api:21.2.1] AndroidManifest.xml:24:5-68
15-->[com.google.android.gms:play-services-measurement-api:21.2.1] AndroidManifest.xml:24:22-65
16    <uses-permission android:name="com.google.android.gms.permission.AD_ID" />
16-->[com.google.android.gms:play-services-measurement-api:21.2.1] AndroidManifest.xml:25:5-79
16-->[com.google.android.gms:play-services-measurement-api:21.2.1] AndroidManifest.xml:25:22-76
17    <uses-permission android:name="com.google.android.finsky.permission.BIND_GET_INSTALL_REFERRER_SERVICE" />
17-->[com.google.android.gms:play-services-measurement:21.2.1] AndroidManifest.xml:26:5-110
17-->[com.google.android.gms:play-services-measurement:21.2.1] AndroidManifest.xml:26:22-107
18
19    <permission
19-->[androidx.core:core:1.9.0] AndroidManifest.xml:22:5-24:47
20        android:name="sauceda.carlos.firebaselogin.DYNAMIC_RECEIVER_NOT_EXPORTED_PERMISSION"
20-->[androidx.core:core:1.9.0] AndroidManifest.xml:23:9-81
21        android:protectionLevel="signature" />
21-->[androidx.core:core:1.9.0] AndroidManifest.xml:24:9-44
22
23    <uses-permission android:name="sauceda.carlos.firebaselogin.DYNAMIC_RECEIVER_NOT_EXPORTED_PERMISSION" />
23-->[androidx.core:core:1.9.0] AndroidManifest.xml:26:5-97
23-->[androidx.core:core:1.9.0] AndroidManifest.xml:26:22-94
24
25    <application
25-->src\main\AndroidManifest.xml:5:5-28:19
26        android:allowBackup="true"
26-->src\main\AndroidManifest.xml:6:9-35
27        android:appComponentFactory="androidx.core.app.CoreComponentFactory"
27-->[androidx.core:core:1.9.0] AndroidManifest.xml:28:18-86
28        android:dataExtractionRules="@xml/data_extraction_rules"
28-->src\main\AndroidManifest.xml:7:9-65
29        android:debuggable="true"
30        android:extractNativeLibs="false"
31        android:fullBackupContent="@xml/backup_rules"
31-->src\main\AndroidManifest.xml:8:9-54
32        android:icon="@mipmap/ic_launcher"
32-->src\main\AndroidManifest.xml:9:9-43
33        android:label="@string/app_name"
33-->src\main\AndroidManifest.xml:10:9-41
34        android:supportsRtl="true"
34-->src\main\AndroidManifest.xml:11:9-35
35        android:theme="@style/Theme.FirebaseLogin" >
35-->src\main\AndroidManifest.xml:12:9-51
36        <activity
36-->src\main\AndroidManifest.xml:14:8-16:38
37            android:name="sauceda.carlos.firebaselogin.MainActivity"
37-->src\main\AndroidManifest.xml:15:13-41
38            android:exported="true" />
38-->src\main\AndroidManifest.xml:16:13-36
39        <activity
39-->src\main\AndroidManifest.xml:17:9-27:20
40            android:name="sauceda.carlos.firebaselogin.SignInActivity"
40-->src\main\AndroidManifest.xml:18:13-43
41            android:exported="true" >
41-->src\main\AndroidManifest.xml:19:13-36
42            <intent-filter>
42-->src\main\AndroidManifest.xml:22:9-26:29
43                <action android:name="android.intent.action.MAIN" />
43-->src\main\AndroidManifest.xml:23:17-69
43-->src\main\AndroidManifest.xml:23:25-66
44
45                <category android:name="android.intent.category.LAUNCHER" />
45-->src\main\AndroidManifest.xml:25:17-77
45-->src\main\AndroidManifest.xml:25:27-74
46            </intent-filter>
47        </activity>
48
49        <service
49-->[com.google.firebase:firebase-analytics-ktx:21.2.1] AndroidManifest.xml:8:9-14:19
50            android:name="com.google.firebase.components.ComponentDiscoveryService"
50-->[com.google.firebase:firebase-analytics-ktx:21.2.1] AndroidManifest.xml:9:13-84
51            android:directBootAware="true"
51-->[com.google.firebase:firebase-common:20.3.2] AndroidManifest.xml:34:13-43
52            android:exported="false" >
52-->[com.google.firebase:firebase-analytics-ktx:21.2.1] AndroidManifest.xml:10:13-37
53            <meta-data
53-->[com.google.firebase:firebase-analytics-ktx:21.2.1] AndroidManifest.xml:11:13-13:85
54                android:name="com.google.firebase.components:com.google.firebase.analytics.ktx.FirebaseAnalyticsKtxRegistrar"
54-->[com.google.firebase:firebase-analytics-ktx:21.2.1] AndroidManifest.xml:12:17-126
55                android:value="com.google.firebase.components.ComponentRegistrar" />
55-->[com.google.firebase:firebase-analytics-ktx:21.2.1] AndroidManifest.xml:13:17-82
56            <meta-data
56-->[com.google.firebase:firebase-firestore-ktx:24.4.5] AndroidManifest.xml:14:13-16:85
57                android:name="com.google.firebase.components:com.google.firebase.firestore.ktx.FirebaseFirestoreKtxRegistrar"
57-->[com.google.firebase:firebase-firestore-ktx:24.4.5] AndroidManifest.xml:15:17-126
58                android:value="com.google.firebase.components.ComponentRegistrar" />
58-->[com.google.firebase:firebase-firestore-ktx:24.4.5] AndroidManifest.xml:16:17-82
59            <meta-data
59-->[com.google.firebase:firebase-auth-ktx:21.1.0] AndroidManifest.xml:11:13-13:85
60                android:name="com.google.firebase.components:com.google.firebase.auth.ktx.FirebaseAuthKtxRegistrar"
60-->[com.google.firebase:firebase-auth-ktx:21.1.0] AndroidManifest.xml:12:17-116
61                android:value="com.google.firebase.components.ComponentRegistrar" />
61-->[com.google.firebase:firebase-auth-ktx:21.1.0] AndroidManifest.xml:13:17-82
62            <meta-data
62-->[com.google.firebase:firebase-common-ktx:20.3.2] AndroidManifest.xml:14:13-16:85
63                android:name="com.google.firebase.components:com.google.firebase.ktx.FirebaseCommonKtxRegistrar"
63-->[com.google.firebase:firebase-common-ktx:20.3.2] AndroidManifest.xml:15:17-113
64                android:value="com.google.firebase.components.ComponentRegistrar" />
64-->[com.google.firebase:firebase-common-ktx:20.3.2] AndroidManifest.xml:16:17-82
65            <meta-data
65-->[com.google.firebase:firebase-firestore:24.4.5] AndroidManifest.xml:19:13-21:85
66                android:name="com.google.firebase.components:com.google.firebase.firestore.FirestoreRegistrar"
66-->[com.google.firebase:firebase-firestore:24.4.5] AndroidManifest.xml:20:17-111
67                android:value="com.google.firebase.components.ComponentRegistrar" />
67-->[com.google.firebase:firebase-firestore:24.4.5] AndroidManifest.xml:21:17-82
68            <meta-data
68-->[com.google.firebase:firebase-auth:21.1.0] AndroidManifest.xml:67:13-69:85
69                android:name="com.google.firebase.components:com.google.firebase.auth.FirebaseAuthRegistrar"
69-->[com.google.firebase:firebase-auth:21.1.0] AndroidManifest.xml:68:17-109
70                android:value="com.google.firebase.components.ComponentRegistrar" />
70-->[com.google.firebase:firebase-auth:21.1.0] AndroidManifest.xml:69:17-82
71            <meta-data
71-->[com.google.android.gms:play-services-measurement-api:21.2.1] AndroidManifest.xml:31:13-33:85
72                android:name="com.google.firebase.components:com.google.firebase.analytics.connector.internal.AnalyticsConnectorRegistrar"
72-->[com.google.android.gms:play-services-measurement-api:21.2.1] AndroidManifest.xml:32:17-139
73                android:value="com.google.firebase.components.ComponentRegistrar" />
73-->[com.google.android.gms:play-services-measurement-api:21.2.1] AndroidManifest.xml:33:17-82
74            <meta-data
74-->[com.google.firebase:firebase-installations:17.1.3] AndroidManifest.xml:17:13-19:85
75                android:name="com.google.firebase.components:com.google.firebase.installations.FirebaseInstallationsRegistrar"
75-->[com.google.firebase:firebase-installations:17.1.3] AndroidManifest.xml:18:17-127
76                android:value="com.google.firebase.components.ComponentRegistrar" />
76-->[com.google.firebase:firebase-installations:17.1.3] AndroidManifest.xml:19:17-82
77        </service>
78
79        <activity
79-->[com.google.firebase:firebase-auth:21.1.0] AndroidManifest.xml:27:9-44:20
80            android:name="com.google.firebase.auth.internal.GenericIdpActivity"
80-->[com.google.firebase:firebase-auth:21.1.0] AndroidManifest.xml:28:13-80
81            android:excludeFromRecents="true"
81-->[com.google.firebase:firebase-auth:21.1.0] AndroidManifest.xml:29:13-46
82            android:exported="true"
82-->[com.google.firebase:firebase-auth:21.1.0] AndroidManifest.xml:30:13-36
83            android:launchMode="singleTask"
83-->[com.google.firebase:firebase-auth:21.1.0] AndroidManifest.xml:31:13-44
84            android:theme="@android:style/Theme.Translucent.NoTitleBar" >
84-->[com.google.firebase:firebase-auth:21.1.0] AndroidManifest.xml:32:13-72
85            <intent-filter>
85-->[com.google.firebase:firebase-auth:21.1.0] AndroidManifest.xml:33:13-43:29
86                <action android:name="android.intent.action.VIEW" />
86-->[com.google.firebase:firebase-auth:21.1.0] AndroidManifest.xml:34:17-69
86-->[com.google.firebase:firebase-auth:21.1.0] AndroidManifest.xml:34:25-66
87
88                <category android:name="android.intent.category.DEFAULT" />
88-->[com.google.firebase:firebase-auth:21.1.0] AndroidManifest.xml:36:17-76
88-->[com.google.firebase:firebase-auth:21.1.0] AndroidManifest.xml:36:27-73
89                <category android:name="android.intent.category.BROWSABLE" />
89-->[com.google.firebase:firebase-auth:21.1.0] AndroidManifest.xml:37:17-78
89-->[com.google.firebase:firebase-auth:21.1.0] AndroidManifest.xml:37:27-75
90
91                <data
91-->[com.google.firebase:firebase-auth:21.1.0] AndroidManifest.xml:39:17-42:51
92                    android:host="firebase.auth"
92-->[com.google.firebase:firebase-auth:21.1.0] AndroidManifest.xml:40:21-49
93                    android:path="/"
93-->[com.google.firebase:firebase-auth:21.1.0] AndroidManifest.xml:41:21-37
94                    android:scheme="genericidp" />
94-->[com.google.firebase:firebase-auth:21.1.0] AndroidManifest.xml:42:21-48
95            </intent-filter>
96        </activity>
97        <activity
97-->[com.google.firebase:firebase-auth:21.1.0] AndroidManifest.xml:45:9-62:20
98            android:name="com.google.firebase.auth.internal.RecaptchaActivity"
98-->[com.google.firebase:firebase-auth:21.1.0] AndroidManifest.xml:46:13-79
99            android:excludeFromRecents="true"
99-->[com.google.firebase:firebase-auth:21.1.0] AndroidManifest.xml:47:13-46
100            android:exported="true"
100-->[com.google.firebase:firebase-auth:21.1.0] AndroidManifest.xml:48:13-36
101            android:launchMode="singleTask"
101-->[com.google.firebase:firebase-auth:21.1.0] AndroidManifest.xml:49:13-44
102            android:theme="@android:style/Theme.Translucent.NoTitleBar" >
102-->[com.google.firebase:firebase-auth:21.1.0] AndroidManifest.xml:50:13-72
103            <intent-filter>
103-->[com.google.firebase:firebase-auth:21.1.0] AndroidManifest.xml:51:13-61:29
104                <action android:name="android.intent.action.VIEW" />
104-->[com.google.firebase:firebase-auth:21.1.0] AndroidManifest.xml:34:17-69
104-->[com.google.firebase:firebase-auth:21.1.0] AndroidManifest.xml:34:25-66
105
106                <category android:name="android.intent.category.DEFAULT" />
106-->[com.google.firebase:firebase-auth:21.1.0] AndroidManifest.xml:36:17-76
106-->[com.google.firebase:firebase-auth:21.1.0] AndroidManifest.xml:36:27-73
107                <category android:name="android.intent.category.BROWSABLE" />
107-->[com.google.firebase:firebase-auth:21.1.0] AndroidManifest.xml:37:17-78
107-->[com.google.firebase:firebase-auth:21.1.0] AndroidManifest.xml:37:27-75
108
109                <data
109-->[com.google.firebase:firebase-auth:21.1.0] AndroidManifest.xml:39:17-42:51
110                    android:host="firebase.auth"
110-->[com.google.firebase:firebase-auth:21.1.0] AndroidManifest.xml:40:21-49
111                    android:path="/"
111-->[com.google.firebase:firebase-auth:21.1.0] AndroidManifest.xml:41:21-37
112                    android:scheme="recaptcha" />
112-->[com.google.firebase:firebase-auth:21.1.0] AndroidManifest.xml:42:21-48
113            </intent-filter>
114        </activity>
115
116        <provider
116-->[com.google.firebase:firebase-common:20.3.2] AndroidManifest.xml:25:9-30:39
117            android:name="com.google.firebase.provider.FirebaseInitProvider"
117-->[com.google.firebase:firebase-common:20.3.2] AndroidManifest.xml:26:13-77
118            android:authorities="sauceda.carlos.firebaselogin.firebaseinitprovider"
118-->[com.google.firebase:firebase-common:20.3.2] AndroidManifest.xml:27:13-72
119            android:directBootAware="true"
119-->[com.google.firebase:firebase-common:20.3.2] AndroidManifest.xml:28:13-43
120            android:exported="false"
120-->[com.google.firebase:firebase-common:20.3.2] AndroidManifest.xml:29:13-37
121            android:initOrder="100" />
121-->[com.google.firebase:firebase-common:20.3.2] AndroidManifest.xml:30:13-36
122
123        <receiver
123-->[com.google.android.gms:play-services-measurement:21.2.1] AndroidManifest.xml:29:9-33:20
124            android:name="com.google.android.gms.measurement.AppMeasurementReceiver"
124-->[com.google.android.gms:play-services-measurement:21.2.1] AndroidManifest.xml:30:13-85
125            android:enabled="true"
125-->[com.google.android.gms:play-services-measurement:21.2.1] AndroidManifest.xml:31:13-35
126            android:exported="false" >
126-->[com.google.android.gms:play-services-measurement:21.2.1] AndroidManifest.xml:32:13-37
127        </receiver>
128
129        <service
129-->[com.google.android.gms:play-services-measurement:21.2.1] AndroidManifest.xml:35:9-38:40
130            android:name="com.google.android.gms.measurement.AppMeasurementService"
130-->[com.google.android.gms:play-services-measurement:21.2.1] AndroidManifest.xml:36:13-84
131            android:enabled="true"
131-->[com.google.android.gms:play-services-measurement:21.2.1] AndroidManifest.xml:37:13-35
132            android:exported="false" />
132-->[com.google.android.gms:play-services-measurement:21.2.1] AndroidManifest.xml:38:13-37
133        <service
133-->[com.google.android.gms:play-services-measurement:21.2.1] AndroidManifest.xml:39:9-43:72
134            android:name="com.google.android.gms.measurement.AppMeasurementJobService"
134-->[com.google.android.gms:play-services-measurement:21.2.1] AndroidManifest.xml:40:13-87
135            android:enabled="true"
135-->[com.google.android.gms:play-services-measurement:21.2.1] AndroidManifest.xml:41:13-35
136            android:exported="false"
136-->[com.google.android.gms:play-services-measurement:21.2.1] AndroidManifest.xml:42:13-37
137            android:permission="android.permission.BIND_JOB_SERVICE" />
137-->[com.google.android.gms:play-services-measurement:21.2.1] AndroidManifest.xml:43:13-69
138
139        <activity
139-->[com.google.android.gms:play-services-base:18.0.1] AndroidManifest.xml:20:9-22:45
140            android:name="com.google.android.gms.common.api.GoogleApiActivity"
140-->[com.google.android.gms:play-services-base:18.0.1] AndroidManifest.xml:20:19-85
141            android:exported="false"
141-->[com.google.android.gms:play-services-base:18.0.1] AndroidManifest.xml:22:19-43
142            android:theme="@android:style/Theme.Translucent.NoTitleBar" />
142-->[com.google.android.gms:play-services-base:18.0.1] AndroidManifest.xml:21:19-78
143
144        <meta-data
144-->[com.google.android.gms:play-services-basement:18.1.0] AndroidManifest.xml:21:9-23:69
145            android:name="com.google.android.gms.version"
145-->[com.google.android.gms:play-services-basement:18.1.0] AndroidManifest.xml:22:13-58
146            android:value="@integer/google_play_services_version" />
146-->[com.google.android.gms:play-services-basement:18.1.0] AndroidManifest.xml:23:13-66
147
148        <provider
148-->[androidx.emoji2:emoji2:1.2.0] AndroidManifest.xml:24:9-32:20
149            android:name="androidx.startup.InitializationProvider"
149-->[androidx.emoji2:emoji2:1.2.0] AndroidManifest.xml:25:13-67
150            android:authorities="sauceda.carlos.firebaselogin.androidx-startup"
150-->[androidx.emoji2:emoji2:1.2.0] AndroidManifest.xml:26:13-68
151            android:exported="false" >
151-->[androidx.emoji2:emoji2:1.2.0] AndroidManifest.xml:27:13-37
152            <meta-data
152-->[androidx.emoji2:emoji2:1.2.0] AndroidManifest.xml:29:13-31:52
153                android:name="androidx.emoji2.text.EmojiCompatInitializer"
153-->[androidx.emoji2:emoji2:1.2.0] AndroidManifest.xml:30:17-75
154                android:value="androidx.startup" />
154-->[androidx.emoji2:emoji2:1.2.0] AndroidManifest.xml:31:17-49
155            <meta-data
155-->[androidx.lifecycle:lifecycle-process:2.4.1] AndroidManifest.xml:31:13-33:52
156                android:name="androidx.lifecycle.ProcessLifecycleInitializer"
156-->[androidx.lifecycle:lifecycle-process:2.4.1] AndroidManifest.xml:32:17-78
157                android:value="androidx.startup" />
157-->[androidx.lifecycle:lifecycle-process:2.4.1] AndroidManifest.xml:33:17-49
158        </provider>
159    </application>
160
161</manifest>